TN:
SF:script/Deploy.s.sol
DA:13,0
FN:13,Deploy.run
FNDA:0,Deploy.run
DA:14,0
DA:15,0
DA:16,0
DA:17,0
DA:18,0
DA:19,0
DA:20,0
DA:21,0
DA:23,0
DA:26,0
BRDA:26,0,0,-
DA:27,0
DA:28,0
DA:31,0
DA:42,0
FNF:1
FNH:0
LF:15
LH:0
BRF:1
BRH:0
end_of_record
TN:
SF:script/DeployKGLD.s.sol
DA:8,0
FN:8,DeployKGLD.run
FNDA:0,DeployKGLD.run
DA:9,0
DA:10,0
DA:11,0
DA:13,0
DA:14,0
DA:15,0
DA:16,0
FNF:1
FNH:0
LF:8
LH:0
BRF:0
BRH:0
end_of_record
TN:
SF:script/DeployMockV3.s.sol
DA:8,0
FN:8,DeployMockV3.run
FNDA:0,DeployMockV3.run
DA:9,0
DA:10,0
DA:12,0
DA:13,0
DA:14,0
DA:16,0
FNF:1
FNH:0
LF:7
LH:0
BRF:0
BRH:0
end_of_record
TN:
SF:script/DeployUSDC.s.sol
DA:8,0
FN:8,DeployUSDC.run
FNDA:0,DeployUSDC.run
DA:9,0
DA:10,0
DA:11,0
DA:12,0
FNF:1
FNH:0
LF:5
LH:0
BRF:0
BRH:0
end_of_record
TN:
SF:src/Counter.sol
DA:7,258
FN:7,Counter.setNumber
FNDA:258,Counter.setNumber
DA:8,258
DA:11,1
FN:11,Counter.increment
FNDA:1,Counter.increment
DA:12,1
FNF:2
FNH:2
LF:4
LH:4
BRF:0
BRH:0
end_of_record
TN:
SF:src/KipuBank.sol
DA:93,5
FN:93,KipuBank.constructor
FNDA:5,KipuBank.constructor
DA:103,5
BRDA:103,0,0,-
DA:104,5
BRDA:104,1,0,-
DA:106,5
DA:107,5
DA:108,5
DA:109,5
DA:111,5
DA:112,5
DA:113,5
DA:114,5
DA:115,5
DA:122,0
FN:122,KipuBank.nonZeroValue
FNDA:0,KipuBank.nonZeroValue
DA:123,0
DA:127,0
FN:127,KipuBank._nonZeroValue
FNDA:0,KipuBank._nonZeroValue
DA:128,0
BRDA:128,2,0,-
DA:131,0
FN:131,KipuBank.underTxCap
FNDA:0,KipuBank.underTxCap
DA:132,0
DA:136,0
FN:136,KipuBank._underTxCap
FNDA:0,KipuBank._underTxCap
DA:137,0
BRDA:137,3,0,-
DA:138,0
DA:142,0
FN:142,KipuBank.countDeposit
FNDA:0,KipuBank.countDeposit
DA:144,0
DA:147,0
FN:147,KipuBank._countDeposit
FNDA:0,KipuBank._countDeposit
DA:148,0
DA:153,2
FN:153,KipuBank.nonReentrant
FNDA:2,KipuBank.nonReentrant
DA:154,2
DA:156,1
DA:159,4
FN:159,KipuBank._nonReentrantBefore
FNDA:4,KipuBank._nonReentrantBefore
DA:160,4
BRDA:160,4,0,-
DA:161,4
DA:164,3
FN:164,KipuBank._nonReentrantAfter
FNDA:3,KipuBank._nonReentrantAfter
DA:165,3
DA:168,0
FN:168,KipuBank.countWithdrawal
FNDA:0,KipuBank.countWithdrawal
DA:170,0
DA:173,0
FN:173,KipuBank._countWithdrawal
FNDA:0,KipuBank._countWithdrawal
DA:174,0
DA:177,0
FN:177,KipuBank.hasFunds
FNDA:0,KipuBank.hasFunds
DA:178,0
DA:182,0
FN:182,KipuBank._hasFunds
FNDA:0,KipuBank._hasFunds
DA:183,0
DA:184,0
BRDA:184,5,0,-
DA:187,0
FN:187,KipuBank.withinWithdrawCap
FNDA:0,KipuBank.withinWithdrawCap
DA:188,0
DA:192,0
FN:192,KipuBank._withinWithdrawCap
FNDA:0,KipuBank._withinWithdrawCap
DA:193,0
BRDA:193,6,0,-
DA:196,0
FN:196,KipuBank.hasFundsERC20
FNDA:0,KipuBank.hasFundsERC20
DA:197,0
DA:201,0
FN:201,KipuBank._hasFundsERC20
FNDA:0,KipuBank._hasFundsERC20
DA:202,0
DA:203,0
BRDA:203,7,0,-
DA:206,0
FN:206,KipuBank.underUsdCap
FNDA:0,KipuBank.underUsdCap
DA:207,0
DA:211,0
FN:211,KipuBank._underUsdCap
FNDA:0,KipuBank._underUsdCap
DA:212,0
DA:213,0
BRDA:213,8,0,-
DA:214,0
DA:215,0
BRDA:215,9,0,-
DA:216,0
DA:225,0
FN:225,KipuBank.deposit
FNDA:0,KipuBank.deposit
DA:234,0
DA:235,0
DA:236,0
DA:239,0
FN:239,KipuBank.withdrawal
FNDA:0,KipuBank.withdrawal
DA:247,0
DA:248,0
DA:249,0
DA:250,0
DA:251,0
BRDA:251,10,0,-
DA:252,0
DA:255,0
FN:255,KipuBank.bankStats
FNDA:0,KipuBank.bankStats
DA:256,0
DA:259,0
FN:259,KipuBank._debit
FNDA:0,KipuBank._debit
DA:260,0
DA:261,0
BRDA:261,11,0,-
DA:262,0
DA:269,0
FN:269,KipuBank.pause
FNDA:0,KipuBank.pause
DA:270,0
FN:270,KipuBank.unpause
FNDA:0,KipuBank.unpause
DA:276,0
FN:276,KipuBank._getEthUsdPrice
FNDA:0,KipuBank._getEthUsdPrice
DA:277,0
DA:278,0
BRDA:278,12,0,-
DA:280,0
DA:283,0
FN:283,KipuBank._weiToUsd
FNDA:0,KipuBank._weiToUsd
DA:284,0
DA:285,0
DA:289,3
FN:289,KipuBank._credit
FNDA:3,KipuBank._credit
DA:290,3
DA:299,0
FN:299,KipuBank.depositERC20
FNDA:0,KipuBank.depositERC20
DA:305,0
BRDA:305,13,0,-
DA:307,0
BRDA:307,14,0,-
DA:309,0
DA:310,0
DA:311,0
DA:312,0
DA:316,0
DA:317,0
DA:320,0
DA:324,0
FN:324,KipuBank.withdrawalERC20
FNDA:0,KipuBank.withdrawalERC20
DA:331,0
BRDA:331,15,0,-
DA:332,0
DA:334,0
DA:335,0
DA:336,0
DA:346,0
FN:346,KipuBank._swapInToUsdc
FNDA:0,KipuBank._swapInToUsdc
DA:350,0
BRDA:350,16,0,-
DA:353,0
DA:356,0
DA:357,0
DA:361,0
DA:362,0
DA:363,0
DA:366,0
DA:367,0
DA:368,0
DA:369,0
DA:373,0
DA:374,0
DA:375,0
BRDA:375,17,0,-
DA:376,0
BRDA:376,18,0,-
DA:377,0
DA:378,0
DA:380,0
BRDA:380,17,1,-
DA:382,0
BRDA:382,19,0,-
DA:383,0
DA:390,0
BRDA:390,20,0,-
DA:391,0
DA:395,0
DA:396,0
BRDA:396,21,0,-
DA:397,0
BRDA:397,22,0,-
BRDA:397,22,1,-
DA:398,0
DA:400,0
DA:402,0
BRDA:402,21,1,-
DA:403,0
DA:406,0
DA:413,0
BRDA:413,23,0,-
DA:414,0
DA:418,2
FN:418,KipuBank.depositAnyToken
FNDA:2,KipuBank.depositAnyToken
DA:424,2
BRDA:424,24,0,-
BRDA:424,24,1,2
DA:426,2
BRDA:426,25,0,1
DA:427,1
DA:428,1
DA:429,1
DA:430,1
DA:433,1
DA:434,1
DA:436,1
DA:437,1
DA:438,1
DA:440,1
DA:447,1
DA:448,1
DA:449,1
DA:452,2
FN:452,KipuBank.depositNative
FNDA:2,KipuBank.depositNative
DA:453,2
BRDA:453,26,0,-
BRDA:453,26,1,2
DA:454,2
DA:455,2
DA:456,2
DA:458,2
DA:464,1
DA:465,1
DA:466,1
FNF:34
FNH:7
LF:161
LH:47
BRF:32
BRH:3
end_of_record
TN:
SF:src/Kipubank.sol
DA:93,0
FN:93,KipuBank.constructor
FNDA:0,KipuBank.constructor
DA:103,0
BRDA:103,0,0,-
DA:104,0
BRDA:104,1,0,-
DA:106,0
DA:107,0
DA:108,0
DA:109,0
DA:111,0
DA:112,0
DA:113,0
DA:114,0
DA:115,0
DA:122,0
FN:122,KipuBank.nonZeroValue
FNDA:0,KipuBank.nonZeroValue
DA:123,0
DA:127,0
FN:127,KipuBank._nonZeroValue
FNDA:0,KipuBank._nonZeroValue
DA:128,0
BRDA:128,2,0,-
DA:131,0
FN:131,KipuBank.underTxCap
FNDA:0,KipuBank.underTxCap
DA:132,0
DA:136,0
FN:136,KipuBank._underTxCap
FNDA:0,KipuBank._underTxCap
DA:137,0
BRDA:137,3,0,-
DA:138,0
DA:142,0
FN:142,KipuBank.countDeposit
FNDA:0,KipuBank.countDeposit
DA:144,0
DA:147,0
FN:147,KipuBank._countDeposit
FNDA:0,KipuBank._countDeposit
DA:148,0
DA:153,0
FN:153,KipuBank.nonReentrant
FNDA:0,KipuBank.nonReentrant
DA:154,0
DA:156,0
DA:159,0
FN:159,KipuBank._nonReentrantBefore
FNDA:0,KipuBank._nonReentrantBefore
DA:160,0
BRDA:160,4,0,-
DA:161,0
DA:164,0
FN:164,KipuBank._nonReentrantAfter
FNDA:0,KipuBank._nonReentrantAfter
DA:165,0
DA:168,0
FN:168,KipuBank.countWithdrawal
FNDA:0,KipuBank.countWithdrawal
DA:170,0
DA:173,0
FN:173,KipuBank._countWithdrawal
FNDA:0,KipuBank._countWithdrawal
DA:174,0
DA:177,0
FN:177,KipuBank.hasFunds
FNDA:0,KipuBank.hasFunds
DA:178,0
DA:182,0
FN:182,KipuBank._hasFunds
FNDA:0,KipuBank._hasFunds
DA:183,0
DA:184,0
BRDA:184,5,0,-
DA:187,0
FN:187,KipuBank.withinWithdrawCap
FNDA:0,KipuBank.withinWithdrawCap
DA:188,0
DA:192,0
FN:192,KipuBank._withinWithdrawCap
FNDA:0,KipuBank._withinWithdrawCap
DA:193,0
BRDA:193,6,0,-
DA:196,0
FN:196,KipuBank.hasFundsERC20
FNDA:0,KipuBank.hasFundsERC20
DA:197,0
DA:201,0
FN:201,KipuBank._hasFundsERC20
FNDA:0,KipuBank._hasFundsERC20
DA:202,0
DA:203,0
BRDA:203,7,0,-
DA:206,0
FN:206,KipuBank.underUsdCap
FNDA:0,KipuBank.underUsdCap
DA:207,0
DA:211,0
FN:211,KipuBank._underUsdCap
FNDA:0,KipuBank._underUsdCap
DA:212,0
DA:213,0
BRDA:213,8,0,-
DA:214,0
DA:215,0
BRDA:215,9,0,-
DA:216,0
DA:225,0
FN:225,KipuBank.deposit
FNDA:0,KipuBank.deposit
DA:234,0
DA:235,0
DA:236,0
DA:239,0
FN:239,KipuBank.withdrawal
FNDA:0,KipuBank.withdrawal
DA:247,0
DA:248,0
DA:249,0
DA:250,0
DA:251,0
BRDA:251,10,0,-
DA:252,0
DA:255,0
FN:255,KipuBank.bankStats
FNDA:0,KipuBank.bankStats
DA:256,0
DA:259,0
FN:259,KipuBank._debit
FNDA:0,KipuBank._debit
DA:260,0
DA:261,0
BRDA:261,11,0,-
DA:262,0
DA:269,0
FN:269,KipuBank.pause
FNDA:0,KipuBank.pause
DA:270,0
FN:270,KipuBank.unpause
FNDA:0,KipuBank.unpause
DA:276,0
FN:276,KipuBank._getEthUsdPrice
FNDA:0,KipuBank._getEthUsdPrice
DA:277,0
DA:278,0
BRDA:278,12,0,-
DA:280,0
DA:283,0
FN:283,KipuBank._weiToUsd
FNDA:0,KipuBank._weiToUsd
DA:284,0
DA:285,0
DA:289,0
FN:289,KipuBank._credit
FNDA:0,KipuBank._credit
DA:290,0
DA:299,0
FN:299,KipuBank.depositERC20
FNDA:0,KipuBank.depositERC20
DA:305,0
BRDA:305,13,0,-
DA:307,0
BRDA:307,14,0,-
DA:309,0
DA:310,0
DA:311,0
DA:312,0
DA:316,0
DA:317,0
DA:320,0
DA:324,0
FN:324,KipuBank.withdrawalERC20
FNDA:0,KipuBank.withdrawalERC20
DA:331,0
BRDA:331,15,0,-
DA:332,0
DA:334,0
DA:335,0
DA:336,0
DA:346,0
FN:346,KipuBank._swapInToUsdc
FNDA:0,KipuBank._swapInToUsdc
DA:350,0
BRDA:350,16,0,-
DA:353,0
DA:356,0
DA:357,0
DA:361,0
DA:362,0
DA:363,0
DA:366,0
DA:367,0
DA:368,0
DA:369,0
DA:373,0
DA:374,0
DA:375,0
BRDA:375,17,0,-
DA:376,0
BRDA:376,18,0,-
DA:377,0
DA:378,0
DA:380,0
BRDA:380,17,1,-
DA:382,0
BRDA:382,19,0,-
DA:383,0
DA:390,0
BRDA:390,20,0,-
DA:391,0
DA:395,0
DA:396,0
BRDA:396,21,0,-
DA:397,0
BRDA:397,22,0,-
BRDA:397,22,1,-
DA:398,0
DA:400,0
DA:402,0
BRDA:402,21,1,-
DA:403,0
DA:406,0
DA:413,0
BRDA:413,23,0,-
DA:414,0
DA:418,0
FN:418,KipuBank.depositAnyToken
FNDA:0,KipuBank.depositAnyToken
DA:424,0
BRDA:424,24,0,-
BRDA:424,24,1,-
DA:426,0
BRDA:426,25,0,-
DA:427,0
DA:428,0
DA:429,0
DA:430,0
DA:433,0
DA:434,0
DA:436,0
DA:437,0
DA:438,0
DA:440,0
DA:447,0
DA:448,0
DA:449,0
DA:452,0
FN:452,KipuBank.depositNative
FNDA:0,KipuBank.depositNative
DA:453,0
BRDA:453,26,0,-
BRDA:453,26,1,-
DA:454,0
DA:455,0
DA:456,0
DA:458,0
DA:464,0
DA:465,0
DA:466,0
FNF:34
FNH:0
LF:161
LH:0
BRF:32
BRH:0
end_of_record
TN:
SF:src/mocks/MockV3Aggregator.sol
DA:8,531
FN:8,MockV3Aggregator.constructor
FNDA:531,MockV3Aggregator.constructor
DA:9,531
DA:10,531
DA:13,791
FN:13,MockV3Aggregator.latestRoundData
FNDA:791,MockV3Aggregator.latestRoundData
DA:18,791
DA:21,271
FN:21,MockV3Aggregator.updateAnswer
FNDA:271,MockV3Aggregator.updateAnswer
DA:22,271
FNF:3
FNH:3
LF:7
LH:7
BRF:0
BRH:0
end_of_record
TN:
SF:src/tokens/KipuGLD.sol
DA:16,285
FN:16,KipuGLD.constructor
FNDA:285,KipuGLD.constructor
DA:21,285
DA:24,0
FN:24,KipuGLD.pause
FNDA:0,KipuGLD.pause
DA:25,0
FN:25,KipuGLD.unpause
FNDA:0,KipuGLD.unpause
DA:27,261
FN:27,KipuGLD.mint
FNDA:261,KipuGLD.mint
DA:28,260
DA:31,1064
FN:31,KipuGLD._update
FNDA:1064,KipuGLD._update
DA:35,1064
FNF:5
FNH:3
LF:8
LH:6
BRF:0
BRH:0
end_of_record
TN:
SF:src/tokens/MockUSDC.sol
DA:8,556
FN:8,MockUSDC.mint
FNDA:557,MockUSDC.mint
DA:9,261
FN:9,MockUSDC.decimals
FNDA:261,MockUSDC.decimals
FNF:2
FNH:2
LF:2
LH:2
BRF:0
BRH:0
end_of_record
TN:
SF:test/KipuBank.DepositAny.t.sol
DA:22,2
FN:22,MockUniswapV2Router.constructor.0
FNDA:2,MockUniswapV2Router.constructor.0
DA:23,2
DA:26,4
FN:26,MockUniswapV2Router.WETH
FNDA:4,MockUniswapV2Router.WETH
DA:27,4
DA:30,0
FN:30,MockUniswapV2Router.factory
FNDA:0,MockUniswapV2Router.factory
DA:31,0
DA:34,3
FN:34,MockUniswapV2Router.addLiquidityETH
FNDA:3,MockUniswapV2Router.addLiquidityETH
DA:43,3
DA:46,1
FN:46,MockUniswapV2Router.getAmountsOut
FNDA:1,MockUniswapV2Router.getAmountsOut
DA:48,1
DA:49,1
DA:51,1
BRDA:51,0,0,-
BRDA:51,0,1,1
DA:52,0
DA:53,1
BRDA:53,1,0,1
DA:54,1
DA:55,1
DA:60,0
FN:60,MockUniswapV2Router.addLiquidity
FNDA:0,MockUniswapV2Router.addLiquidity
DA:61,0
DA:62,0
FN:62,MockUniswapV2Router.removeLiquidity
FNDA:0,MockUniswapV2Router.removeLiquidity
DA:63,0
DA:64,0
FN:64,MockUniswapV2Router.removeLiquidityETH
FNDA:0,MockUniswapV2Router.removeLiquidityETH
DA:65,0
DA:66,0
FN:66,MockUniswapV2Router.removeLiquidityWithPermit
FNDA:0,MockUniswapV2Router.removeLiquidityWithPermit
DA:67,0
DA:68,0
FN:68,MockUniswapV2Router.removeLiquidityETHWithPermit
FNDA:0,MockUniswapV2Router.removeLiquidityETHWithPermit
DA:69,0
DA:70,1
FN:70,MockUniswapV2Router.swapExactTokensForTokens
FNDA:1,MockUniswapV2Router.swapExactTokensForTokens
DA:72,1
DA:73,1
DA:75,1
BRDA:75,2,0,1
BRDA:75,2,1,-
DA:76,1
DA:77,0
BRDA:77,3,0,-
DA:78,0
DA:79,0
DA:82,0
FN:82,MockUniswapV2Router.swapTokensForExactTokens
FNDA:0,MockUniswapV2Router.swapTokensForExactTokens
DA:83,0
DA:84,0
FN:84,MockUniswapV2Router.swapExactETHForTokens
FNDA:0,MockUniswapV2Router.swapExactETHForTokens
DA:86,0
DA:87,0
DA:89,0
BRDA:89,4,0,-
DA:90,0
DA:93,0
FN:93,MockUniswapV2Router.swapTokensForExactETH
FNDA:0,MockUniswapV2Router.swapTokensForExactETH
DA:94,0
DA:95,0
FN:95,MockUniswapV2Router.swapExactTokensForETH
FNDA:0,MockUniswapV2Router.swapExactTokensForETH
DA:96,0
DA:97,0
FN:97,MockUniswapV2Router.swapETHForExactTokens
FNDA:0,MockUniswapV2Router.swapETHForExactTokens
DA:98,0
DA:99,0
FN:99,MockUniswapV2Router.quote
FNDA:0,MockUniswapV2Router.quote
DA:100,0
FN:100,MockUniswapV2Router.getAmountOut
FNDA:0,MockUniswapV2Router.getAmountOut
DA:101,0
FN:101,MockUniswapV2Router.getAmountIn
FNDA:0,MockUniswapV2Router.getAmountIn
DA:102,0
FN:102,MockUniswapV2Router.getAmountsIn
FNDA:0,MockUniswapV2Router.getAmountsIn
DA:103,0
FN:103,MockUniswapV2Router.removeLiquidityETHSupportingFeeOnTransferTokens
FNDA:0,MockUniswapV2Router.removeLiquidityETHSupportingFeeOnTransferTokens
DA:104,0
FN:104,MockUniswapV2Router.removeLiquidityETHWithPermitSupportingFeeOnTransferTokens
FNDA:0,MockUniswapV2Router.removeLiquidityETHWithPermitSupportingFeeOnTransferTokens
DA:105,0
FN:105,MockUniswapV2Router.swapExactTokensForTokensSupportingFeeOnTransferTokens
FNDA:0,MockUniswapV2Router.swapExactTokensForTokensSupportingFeeOnTransferTokens
DA:106,0
FN:106,MockUniswapV2Router.swapExactETHForTokensSupportingFeeOnTransferTokens
FNDA:0,MockUniswapV2Router.swapExactETHForTokensSupportingFeeOnTransferTokens
DA:107,0
FN:107,MockUniswapV2Router.swapExactTokensForETHSupportingFeeOnTransferTokens
FNDA:0,MockUniswapV2Router.swapExactTokensForETHSupportingFeeOnTransferTokens
DA:121,0
FN:121,USDC6.decimals.0
FNDA:0,USDC6.decimals.0
DA:122,3
FN:122,USDC6.mint.0
FNDA:3,USDC6.mint.0
DA:127,0
FN:127,KGLD18.mint.1
FNDA:0,KGLD18.mint.1
DA:132,2
FN:132,MOCK18.mint.2
FNDA:2,MOCK18.mint.2
DA:139,2
FN:139,MockV3Aggregator.constructor.1
FNDA:2,MockV3Aggregator.constructor.1
DA:141,0
FN:141,MockV3Aggregator.decimals.1
FNDA:0,MockV3Aggregator.decimals.1
DA:142,0
FN:142,MockV3Aggregator.description
FNDA:0,MockV3Aggregator.description
DA:143,0
FN:143,MockV3Aggregator.version
FNDA:0,MockV3Aggregator.version
DA:145,0
FN:145,MockV3Aggregator.getRoundData
FNDA:0,MockV3Aggregator.getRoundData
DA:148,0
DA:150,0
FN:150,MockV3Aggregator.latestRoundData
FNDA:0,MockV3Aggregator.latestRoundData
DA:153,0
DA:155,0
FN:155,MockV3Aggregator.setAnswer
FNDA:0,MockV3Aggregator.setAnswer
FNF:36
FNH:8
LF:69
LH:21
BRF:7
BRH:3
end_of_record
TN:
SF:test/KipuBank.Native.t.sol
DA:24,2
FN:24,MockUniswapV2Router.constructor.0
FNDA:2,MockUniswapV2Router.constructor.0
DA:25,2
DA:28,5
FN:28,MockUniswapV2Router.WETH
FNDA:5,MockUniswapV2Router.WETH
DA:29,5
DA:32,0
FN:32,MockUniswapV2Router.factory
FNDA:0,MockUniswapV2Router.factory
DA:33,0
DA:36,2
FN:36,MockUniswapV2Router.addLiquidityETH
FNDA:2,MockUniswapV2Router.addLiquidityETH
DA:45,2
DA:48,1
FN:48,MockUniswapV2Router.getAmountsOut
FNDA:1,MockUniswapV2Router.getAmountsOut
DA:50,1
DA:51,1
DA:53,1
BRDA:53,0,0,1
BRDA:53,0,1,-
DA:54,1
DA:55,0
BRDA:55,1,0,-
DA:56,0
DA:57,0
DA:62,0
FN:62,MockUniswapV2Router.addLiquidity
FNDA:0,MockUniswapV2Router.addLiquidity
DA:63,0
DA:64,0
FN:64,MockUniswapV2Router.removeLiquidity
FNDA:0,MockUniswapV2Router.removeLiquidity
DA:65,0
DA:66,0
FN:66,MockUniswapV2Router.removeLiquidityETH
FNDA:0,MockUniswapV2Router.removeLiquidityETH
DA:67,0
DA:68,0
FN:68,MockUniswapV2Router.removeLiquidityWithPermit
FNDA:0,MockUniswapV2Router.removeLiquidityWithPermit
DA:69,0
DA:70,0
FN:70,MockUniswapV2Router.removeLiquidityETHWithPermit
FNDA:0,MockUniswapV2Router.removeLiquidityETHWithPermit
DA:71,0
DA:72,0
FN:72,MockUniswapV2Router.swapExactTokensForTokens
FNDA:0,MockUniswapV2Router.swapExactTokensForTokens
DA:74,0
DA:75,0
DA:77,0
BRDA:77,2,0,-
BRDA:77,2,1,-
DA:78,0
DA:79,0
BRDA:79,3,0,-
DA:80,0
DA:81,0
DA:84,0
FN:84,MockUniswapV2Router.swapTokensForExactTokens
FNDA:0,MockUniswapV2Router.swapTokensForExactTokens
DA:85,0
DA:86,2
FN:86,MockUniswapV2Router.swapExactETHForTokens
FNDA:2,MockUniswapV2Router.swapExactETHForTokens
DA:90,2
BRDA:90,4,0,1
DA:91,1
DA:94,1
DA:95,1
DA:97,1
BRDA:97,5,0,1
DA:98,1
DA:101,0
FN:101,MockUniswapV2Router.swapTokensForExactETH
FNDA:0,MockUniswapV2Router.swapTokensForExactETH
DA:102,0
DA:103,0
FN:103,MockUniswapV2Router.swapExactTokensForETH
FNDA:0,MockUniswapV2Router.swapExactTokensForETH
DA:104,0
DA:105,0
FN:105,MockUniswapV2Router.swapETHForExactTokens
FNDA:0,MockUniswapV2Router.swapETHForExactTokens
DA:106,0
DA:107,0
FN:107,MockUniswapV2Router.quote
FNDA:0,MockUniswapV2Router.quote
DA:108,0
FN:108,MockUniswapV2Router.getAmountOut
FNDA:0,MockUniswapV2Router.getAmountOut
DA:109,0
FN:109,MockUniswapV2Router.getAmountIn
FNDA:0,MockUniswapV2Router.getAmountIn
DA:110,0
FN:110,MockUniswapV2Router.getAmountsIn
FNDA:0,MockUniswapV2Router.getAmountsIn
DA:111,0
FN:111,MockUniswapV2Router.removeLiquidityETHSupportingFeeOnTransferTokens
FNDA:0,MockUniswapV2Router.removeLiquidityETHSupportingFeeOnTransferTokens
DA:112,0
FN:112,MockUniswapV2Router.removeLiquidityETHWithPermitSupportingFeeOnTransferTokens
FNDA:0,MockUniswapV2Router.removeLiquidityETHWithPermitSupportingFeeOnTransferTokens
DA:113,0
FN:113,MockUniswapV2Router.swapExactTokensForTokensSupportingFeeOnTransferTokens
FNDA:0,MockUniswapV2Router.swapExactTokensForTokensSupportingFeeOnTransferTokens
DA:114,0
FN:114,MockUniswapV2Router.swapExactETHForTokensSupportingFeeOnTransferTokens
FNDA:0,MockUniswapV2Router.swapExactETHForTokensSupportingFeeOnTransferTokens
DA:115,0
FN:115,MockUniswapV2Router.swapExactTokensForETHSupportingFeeOnTransferTokens
FNDA:0,MockUniswapV2Router.swapExactTokensForETHSupportingFeeOnTransferTokens
DA:129,0
FN:129,USDC6.decimals.0
FNDA:0,USDC6.decimals.0
DA:130,2
FN:130,USDC6.mint.0
FNDA:2,USDC6.mint.0
DA:135,0
FN:135,KGLD18.mint.1
FNDA:0,KGLD18.mint.1
DA:143,2
FN:143,MockV3Aggregator.constructor.1
FNDA:2,MockV3Aggregator.constructor.1
DA:145,0
FN:145,MockV3Aggregator.decimals.1
FNDA:0,MockV3Aggregator.decimals.1
DA:146,0
FN:146,MockV3Aggregator.description
FNDA:0,MockV3Aggregator.description
DA:147,0
FN:147,MockV3Aggregator.version
FNDA:0,MockV3Aggregator.version
DA:149,0
FN:149,MockV3Aggregator.getRoundData
FNDA:0,MockV3Aggregator.getRoundData
DA:152,0
DA:154,0
FN:154,MockV3Aggregator.latestRoundData
FNDA:0,MockV3Aggregator.latestRoundData
DA:157,0
DA:159,0
FN:159,MockV3Aggregator.setAnswer
FNDA:0,MockV3Aggregator.setAnswer
FNF:35
FNH:7
LF:70
LH:20
BRF:8
BRH:3
end_of_record
