TN:
SF:script/Deploy.s.sol
DA:13,0
FN:13,Deploy.run
FNDA:0,Deploy.run
DA:14,0
DA:15,0
DA:16,0
DA:17,0
DA:18,0
DA:19,0
DA:20,0
DA:21,0
DA:23,0
DA:26,0
BRDA:26,0,0,-
DA:27,0
DA:28,0
DA:31,0
DA:42,0
FNF:1
FNH:0
LF:15
LH:0
BRF:1
BRH:0
end_of_record
TN:
SF:script/DeployAllSepolia.s.sol
DA:22,261
FN:22,KGLD18.mint
FNDA:261,KGLD18.mint
DA:23,260
DA:36,0
FN:36,DeployAllSepolia.run
FNDA:0,DeployAllSepolia.run
DA:38,0
DA:39,0
DA:40,0
DA:43,0
DA:44,0
DA:45,0
DA:47,0
DA:49,0
DA:50,0
DA:51,0
DA:52,0
DA:53,0
DA:54,0
DA:56,0
DA:59,0
DA:60,0
DA:61,0
DA:62,0
DA:65,0
DA:66,0
DA:69,0
BRDA:69,0,0,-
DA:70,0
DA:74,0
DA:84,0
DA:86,0
DA:88,0
DA:89,0
DA:90,0
DA:91,0
DA:92,0
DA:93,0
DA:94,0
DA:99,0
FN:99,DeployAllSepolia._addLiquidityWethUsdc
FNDA:0,DeployAllSepolia._addLiquidityWethUsdc
DA:107,0
DA:108,0
DA:109,0
DA:110,0
BRDA:110,1,0,-
BRDA:110,1,1,-
DA:113,0
DA:115,0
DA:117,0
DA:126,0
DA:127,0
DA:128,0
DA:131,0
FN:131,DeployAllSepolia._envOrUint
FNDA:0,DeployAllSepolia._envOrUint
DA:132,0
BRDA:132,2,0,-
BRDA:132,2,1,-
FNF:4
FNH:1
LF:48
LH:2
BRF:5
BRH:0
end_of_record
TN:
SF:script/DeployKGLD.s.sol
DA:8,0
FN:8,DeployKGLD.run
FNDA:0,DeployKGLD.run
DA:9,0
DA:10,0
DA:11,0
DA:13,0
DA:14,0
DA:15,0
DA:16,0
FNF:1
FNH:0
LF:8
LH:0
BRF:0
BRH:0
end_of_record
TN:
SF:script/DeployMockV3.s.sol
DA:8,0
FN:8,DeployMockV3.run
FNDA:0,DeployMockV3.run
DA:9,0
DA:10,0
DA:12,0
DA:13,0
DA:14,0
DA:16,0
FNF:1
FNH:0
LF:7
LH:0
BRF:0
BRH:0
end_of_record
TN:
SF:script/DeployUSDC.s.sol
DA:8,0
FN:8,DeployUSDC.run
FNDA:0,DeployUSDC.run
DA:9,0
DA:10,0
DA:11,0
DA:12,0
FNF:1
FNH:0
LF:5
LH:0
BRF:0
BRH:0
end_of_record
TN:
SF:src/Counter.sol
DA:7,258
FN:7,Counter.setNumber
FNDA:258,Counter.setNumber
DA:8,258
DA:11,1
FN:11,Counter.increment
FNDA:1,Counter.increment
DA:12,1
FNF:2
FNH:2
LF:4
LH:4
BRF:0
BRH:0
end_of_record
TN:
SF:src/KipuBank.sol
DA:156,350
FN:156,KipuBank.constructor
FNDA:350,KipuBank.constructor
DA:166,349
BRDA:166,0,0,-
DA:167,349
BRDA:167,1,0,-
DA:169,349
DA:170,349
DA:171,349
DA:172,349
DA:174,349
DA:175,349
DA:176,349
DA:177,349
DA:178,349
DA:185,3116
FN:185,KipuBank.nonZeroValue
FNDA:3116,KipuBank.nonZeroValue
DA:186,3116
DA:193,3116
FN:193,KipuBank._nonZeroValue
FNDA:3116,KipuBank._nonZeroValue
DA:194,3116
BRDA:194,2,0,2
DA:201,807
FN:201,KipuBank.underTxCap
FNDA:807,KipuBank.underTxCap
DA:202,807
DA:209,3921
FN:209,KipuBank._underTxCap
FNDA:3921,KipuBank._underTxCap
DA:210,3921
BRDA:210,3,0,3
DA:211,3
DA:219,806
FN:219,KipuBank.countDeposit
FNDA:806,KipuBank.countDeposit
DA:221,806
DA:227,3910
FN:227,KipuBank._countDeposit
FNDA:3910,KipuBank._countDeposit
DA:228,3910
DA:238,2
FN:238,KipuBank.nonReentrant
FNDA:2,KipuBank.nonReentrant
DA:239,2
DA:241,1
DA:247,1957
FN:247,KipuBank._nonReentrantBefore
FNDA:1957,KipuBank._nonReentrantBefore
DA:248,1957
BRDA:248,4,0,-
DA:249,1957
DA:255,1948
FN:255,KipuBank._nonReentrantAfter
FNDA:1948,KipuBank._nonReentrantAfter
DA:256,1948
DA:263,1679
FN:263,KipuBank.countWithdrawal
FNDA:1679,KipuBank.countWithdrawal
DA:265,1679
DA:271,1945
FN:271,KipuBank._countWithdrawal
FNDA:1945,KipuBank._countWithdrawal
DA:272,1945
DA:280,1683
FN:280,KipuBank.hasFunds
FNDA:1683,KipuBank.hasFunds
DA:281,1683
DA:288,1683
FN:288,KipuBank._hasFunds
FNDA:1683,KipuBank._hasFunds
DA:289,1683
DA:290,1683
BRDA:290,5,0,2
DA:298,1687
FN:298,KipuBank.withinWithdrawCap
FNDA:1687,KipuBank.withinWithdrawCap
DA:299,1687
DA:306,1687
FN:306,KipuBank._withinWithdrawCap
FNDA:1687,KipuBank._withinWithdrawCap
DA:307,1687
BRDA:307,6,0,4
DA:316,269
FN:316,KipuBank.hasFundsERC20
FNDA:269,KipuBank.hasFundsERC20
DA:317,269
DA:324,269
FN:324,KipuBank._hasFundsERC20
FNDA:269,KipuBank._hasFundsERC20
DA:325,269
DA:326,269
BRDA:326,7,0,3
DA:334,3111
FN:334,KipuBank.underUsdCap
FNDA:3111,KipuBank.underUsdCap
DA:335,3111
DA:342,3111
FN:342,KipuBank._underUsdCap
FNDA:3111,KipuBank._underUsdCap
DA:343,3111
DA:344,3111
BRDA:344,8,0,3110
DA:345,3110
DA:346,3110
BRDA:346,9,0,4
DA:347,4
DA:357,3116
FN:357,KipuBank.deposit
FNDA:3116,KipuBank.deposit
DA:366,3104
DA:367,3104
DA:368,3104
DA:377,1687
FN:377,KipuBank.withdrawal
FNDA:1687,KipuBank.withdrawal
DA:385,1679
DA:386,1679
DA:387,1679
DA:388,1679
DA:389,1679
BRDA:389,10,0,-
DA:390,1679
DA:398,36
FN:398,KipuBank.bankStats
FNDA:36,KipuBank.bankStats
DA:399,36
DA:407,1679
FN:407,KipuBank._debit
FNDA:1679,KipuBank._debit
DA:408,1679
DA:409,1679
BRDA:409,11,0,-
DA:410,1679
DA:417,10
FN:417,KipuBank.pause
FNDA:11,KipuBank.pause
DA:423,3
FN:423,KipuBank.unpause
FNDA:4,KipuBank.unpause
DA:429,7894
FN:429,KipuBank._getEthUsdPrice
FNDA:7894,KipuBank._getEthUsdPrice
DA:430,7894
DA:431,7894
BRDA:431,12,0,-
DA:433,7894
DA:441,7894
FN:441,KipuBank._weiToUsd
FNDA:7894,KipuBank._weiToUsd
DA:442,7894
DA:443,7894
DA:451,3
FN:451,KipuBank._credit
FNDA:3,KipuBank._credit
DA:452,3
DA:462,809
FN:462,KipuBank.depositERC20
FNDA:809,KipuBank.depositERC20
DA:468,807
BRDA:468,13,0,1
DA:470,806
BRDA:470,14,0,533
DA:471,533
DA:472,533
DA:473,533
DA:474,533
DA:477,273
DA:478,273
DA:480,273
DA:490,271
FN:490,KipuBank.withdrawalERC20
FNDA:271,KipuBank.withdrawalERC20
DA:497,266
BRDA:497,15,0,-
DA:498,0
DA:500,266
DA:502,266
DA:503,266
BRDA:503,16,0,3
DA:504,3
DA:507,266
DA:508,266
DA:518,273
FN:518,KipuBank._swapInToUsdc
FNDA:273,KipuBank._swapInToUsdc
DA:522,273
BRDA:522,17,0,-
DA:523,273
DA:524,273
DA:525,273
DA:526,273
DA:527,273
DA:528,273
DA:529,273
DA:530,273
DA:531,273
DA:532,273
DA:536,273
DA:537,273
DA:538,273
BRDA:538,18,0,273
DA:539,273
BRDA:539,19,0,273
DA:540,273
DA:541,273
DA:543,0
BRDA:543,18,1,-
DA:545,273
BRDA:545,20,0,273
DA:546,273
DA:553,273
BRDA:553,21,0,-
DA:554,273
DA:558,0
DA:559,0
BRDA:559,22,0,-
DA:560,0
BRDA:560,23,0,-
BRDA:560,23,1,-
DA:561,0
DA:563,0
DA:565,0
BRDA:565,22,1,-
DA:566,0
DA:569,0
DA:576,0
BRDA:576,24,0,-
DA:577,0
DA:588,2
FN:588,KipuBank.depositAnyToken
FNDA:2,KipuBank.depositAnyToken
DA:594,2
BRDA:594,25,0,-
BRDA:594,25,1,2
DA:596,2
BRDA:596,26,0,1
DA:597,1
DA:598,1
DA:599,1
DA:600,1
DA:603,1
DA:604,1
DA:606,1
DA:607,1
DA:608,1
DA:610,1
DA:617,1
DA:618,1
DA:619,1
DA:628,2
FN:628,KipuBank.depositNative
FNDA:2,KipuBank.depositNative
DA:629,2
BRDA:629,27,0,-
BRDA:629,27,1,2
DA:630,2
DA:631,2
DA:632,2
DA:634,2
DA:640,1
DA:641,1
DA:642,1
FNF:34
FNH:34
LF:164
LH:152
BRF:33
BRH:16
end_of_record
TN:
SF:src/mocks/MockV3Aggregator.sol
DA:8,630
FN:8,MockV3Aggregator.constructor
FNDA:630,MockV3Aggregator.constructor
DA:9,630
DA:10,630
DA:13,8685
FN:13,MockV3Aggregator.latestRoundData
FNDA:8685,MockV3Aggregator.latestRoundData
DA:18,8685
DA:21,275
FN:21,MockV3Aggregator.updateAnswer
FNDA:275,MockV3Aggregator.updateAnswer
DA:22,275
FNF:3
FNH:3
LF:7
LH:7
BRF:0
BRH:0
end_of_record
TN:
SF:src/tokens/KipuGLD.sol
DA:16,371
FN:16,KipuGLD.constructor
FNDA:371,KipuGLD.constructor
DA:21,371
DA:24,0
FN:24,KipuGLD.pause
FNDA:0,KipuGLD.pause
DA:25,0
FN:25,KipuGLD.unpause
FNDA:0,KipuGLD.unpause
DA:27,300
FN:27,KipuGLD.mint
FNDA:300,KipuGLD.mint
DA:28,299
DA:31,2175
FN:31,KipuGLD._update
FNDA:2175,KipuGLD._update
DA:35,2175
FNF:5
FNH:3
LF:8
LH:6
BRF:0
BRH:0
end_of_record
TN:
SF:src/tokens/MockUSDC.sol
DA:8,1673
FN:8,MockUSDC.mint
FNDA:1674,MockUSDC.mint
DA:9,261
FN:9,MockUSDC.decimals
FNDA:261,MockUSDC.decimals
FNF:2
FNH:2
LF:2
LH:2
BRF:0
BRH:0
end_of_record
TN:
SF:test/DeployAllSepolia.t.sol
DA:283,0
FN:283,MockUniswapV2Router.factory
FNDA:0,MockUniswapV2Router.factory
DA:284,0
DA:287,0
FN:287,MockUniswapV2Router.addLiquidityETH
FNDA:0,MockUniswapV2Router.addLiquidityETH
DA:296,0
DA:299,0
FN:299,MockUniswapV2Router.getAmountsOut
FNDA:0,MockUniswapV2Router.getAmountsOut
DA:301,0
DA:302,0
DA:303,0
DA:304,0
DA:308,0
FN:308,MockUniswapV2Router.swapExactTokensForTokens
FNDA:0,MockUniswapV2Router.swapExactTokensForTokens
DA:315,0
DA:316,0
DA:317,0
DA:320,0
BRDA:320,0,0,-
DA:321,0
DA:325,0
FN:325,MockUniswapV2Router.swapExactETHForTokens
FNDA:0,MockUniswapV2Router.swapExactETHForTokens
DA:327,0
DA:328,0
DA:329,0
DA:332,0
DA:336,0
FN:336,MockUniswapV2Router.addLiquidity
FNDA:0,MockUniswapV2Router.addLiquidity
DA:337,0
FN:337,MockUniswapV2Router.removeLiquidity
FNDA:0,MockUniswapV2Router.removeLiquidity
DA:338,0
FN:338,MockUniswapV2Router.removeLiquidityETH
FNDA:0,MockUniswapV2Router.removeLiquidityETH
DA:339,0
FN:339,MockUniswapV2Router.removeLiquidityWithPermit
FNDA:0,MockUniswapV2Router.removeLiquidityWithPermit
DA:340,0
FN:340,MockUniswapV2Router.removeLiquidityETHWithPermit
FNDA:0,MockUniswapV2Router.removeLiquidityETHWithPermit
DA:341,0
FN:341,MockUniswapV2Router.swapTokensForExactTokens
FNDA:0,MockUniswapV2Router.swapTokensForExactTokens
DA:342,0
FN:342,MockUniswapV2Router.swapExactTokensForETH
FNDA:0,MockUniswapV2Router.swapExactTokensForETH
DA:343,0
FN:343,MockUniswapV2Router.swapTokensForExactETH
FNDA:0,MockUniswapV2Router.swapTokensForExactETH
DA:344,0
FN:344,MockUniswapV2Router.swapETHForExactTokens
FNDA:0,MockUniswapV2Router.swapETHForExactTokens
DA:345,0
FN:345,MockUniswapV2Router.quote
FNDA:0,MockUniswapV2Router.quote
DA:346,0
FN:346,MockUniswapV2Router.getAmountOut
FNDA:0,MockUniswapV2Router.getAmountOut
DA:347,0
FN:347,MockUniswapV2Router.getAmountIn
FNDA:0,MockUniswapV2Router.getAmountIn
DA:348,0
FN:348,MockUniswapV2Router.getAmountsIn
FNDA:0,MockUniswapV2Router.getAmountsIn
DA:349,0
FN:349,MockUniswapV2Router.removeLiquidityETHSupportingFeeOnTransferTokens
FNDA:0,MockUniswapV2Router.removeLiquidityETHSupportingFeeOnTransferTokens
DA:350,0
FN:350,MockUniswapV2Router.removeLiquidityETHWithPermitSupportingFeeOnTransferTokens
FNDA:0,MockUniswapV2Router.removeLiquidityETHWithPermitSupportingFeeOnTransferTokens
DA:351,0
FN:351,MockUniswapV2Router.swapExactTokensForTokensSupportingFeeOnTransferTokens
FNDA:0,MockUniswapV2Router.swapExactTokensForTokensSupportingFeeOnTransferTokens
DA:352,0
FN:352,MockUniswapV2Router.swapExactETHForTokensSupportingFeeOnTransferTokens
FNDA:0,MockUniswapV2Router.swapExactETHForTokensSupportingFeeOnTransferTokens
DA:353,0
FN:353,MockUniswapV2Router.swapExactTokensForETHSupportingFeeOnTransferTokens
FNDA:0,MockUniswapV2Router.swapExactTokensForETHSupportingFeeOnTransferTokens
FNF:23
FNH:0
LF:38
LH:0
BRF:1
BRH:0
end_of_record
TN:
SF:test/Integration.t.sol
DA:448,13
FN:448,MockUniswapV2Router.constructor
FNDA:13,MockUniswapV2Router.constructor
DA:450,13
DA:453,0
FN:453,MockUniswapV2Router.factory
FNDA:0,MockUniswapV2Router.factory
DA:454,0
DA:457,4
FN:457,MockUniswapV2Router.getAmountsOut
FNDA:4,MockUniswapV2Router.getAmountsOut
DA:459,4
DA:460,4
DA:462,4
DA:463,4
BRDA:463,3,0,-
BRDA:463,3,1,4
DA:465,0
DA:466,4
BRDA:466,4,0,-
BRDA:466,4,1,4
DA:468,0
DA:471,4
DA:476,0
FN:476,MockUniswapV2Router.swapExactETHForTokens
FNDA:0,MockUniswapV2Router.swapExactETHForTokens
DA:478,0
BRDA:478,5,0,-
BRDA:478,5,1,-
DA:480,0
DA:481,0
BRDA:481,6,0,-
BRDA:481,6,1,-
DA:484,0
DA:487,2
FN:487,MockUniswapV2Router.swapExactTokensForTokens
FNDA:2,MockUniswapV2Router.swapExactTokensForTokens
DA:494,2
DA:495,2
BRDA:495,7,0,-
BRDA:495,7,1,2
DA:498,2
DA:501,2
DA:505,0
FN:505,MockUniswapV2Router.addLiquidity
FNDA:0,MockUniswapV2Router.addLiquidity
DA:506,0
FN:506,MockUniswapV2Router.addLiquidityETH
FNDA:0,MockUniswapV2Router.addLiquidityETH
DA:507,0
FN:507,MockUniswapV2Router.removeLiquidity
FNDA:0,MockUniswapV2Router.removeLiquidity
DA:508,0
FN:508,MockUniswapV2Router.removeLiquidityETH
FNDA:0,MockUniswapV2Router.removeLiquidityETH
DA:509,0
FN:509,MockUniswapV2Router.removeLiquidityWithPermit
FNDA:0,MockUniswapV2Router.removeLiquidityWithPermit
DA:510,0
FN:510,MockUniswapV2Router.removeLiquidityETHWithPermit
FNDA:0,MockUniswapV2Router.removeLiquidityETHWithPermit
DA:511,0
FN:511,MockUniswapV2Router.swapTokensForExactTokens
FNDA:0,MockUniswapV2Router.swapTokensForExactTokens
DA:512,0
FN:512,MockUniswapV2Router.swapExactTokensForETH
FNDA:0,MockUniswapV2Router.swapExactTokensForETH
DA:513,0
FN:513,MockUniswapV2Router.swapTokensForExactETH
FNDA:0,MockUniswapV2Router.swapTokensForExactETH
DA:514,0
FN:514,MockUniswapV2Router.swapETHForExactTokens
FNDA:0,MockUniswapV2Router.swapETHForExactTokens
DA:515,0
FN:515,MockUniswapV2Router.quote
FNDA:0,MockUniswapV2Router.quote
DA:516,0
FN:516,MockUniswapV2Router.getAmountOut
FNDA:0,MockUniswapV2Router.getAmountOut
DA:517,0
FN:517,MockUniswapV2Router.getAmountIn
FNDA:0,MockUniswapV2Router.getAmountIn
DA:518,0
FN:518,MockUniswapV2Router.getAmountsIn
FNDA:0,MockUniswapV2Router.getAmountsIn
DA:519,0
FN:519,MockUniswapV2Router.removeLiquidityETHSupportingFeeOnTransferTokens
FNDA:0,MockUniswapV2Router.removeLiquidityETHSupportingFeeOnTransferTokens
DA:520,0
FN:520,MockUniswapV2Router.removeLiquidityETHWithPermitSupportingFeeOnTransferTokens
FNDA:0,MockUniswapV2Router.removeLiquidityETHWithPermitSupportingFeeOnTransferTokens
DA:521,0
FN:521,MockUniswapV2Router.swapExactTokensForTokensSupportingFeeOnTransferTokens
FNDA:0,MockUniswapV2Router.swapExactTokensForTokensSupportingFeeOnTransferTokens
DA:522,0
FN:522,MockUniswapV2Router.swapExactETHForTokensSupportingFeeOnTransferTokens
FNDA:0,MockUniswapV2Router.swapExactETHForTokensSupportingFeeOnTransferTokens
DA:523,0
FN:523,MockUniswapV2Router.swapExactTokensForETHSupportingFeeOnTransferTokens
FNDA:0,MockUniswapV2Router.swapExactTokensForETHSupportingFeeOnTransferTokens
FNF:24
FNH:3
LF:42
LH:14
BRF:10
BRH:3
end_of_record
TN:
SF:test/KipuBank.DepositAny.t.sol
DA:22,2
FN:22,MockUniswapV2Router.constructor.0
FNDA:2,MockUniswapV2Router.constructor.0
DA:23,2
DA:26,4
FN:26,MockUniswapV2Router.WETH
FNDA:4,MockUniswapV2Router.WETH
DA:27,4
DA:30,0
FN:30,MockUniswapV2Router.factory
FNDA:0,MockUniswapV2Router.factory
DA:31,0
DA:34,3
FN:34,MockUniswapV2Router.addLiquidityETH
FNDA:3,MockUniswapV2Router.addLiquidityETH
DA:43,3
DA:46,1
FN:46,MockUniswapV2Router.getAmountsOut
FNDA:1,MockUniswapV2Router.getAmountsOut
DA:48,1
DA:49,1
DA:51,1
BRDA:51,0,0,-
BRDA:51,0,1,1
DA:52,0
DA:53,1
BRDA:53,1,0,1
DA:54,1
DA:55,1
DA:60,0
FN:60,MockUniswapV2Router.addLiquidity
FNDA:0,MockUniswapV2Router.addLiquidity
DA:61,0
DA:62,0
FN:62,MockUniswapV2Router.removeLiquidity
FNDA:0,MockUniswapV2Router.removeLiquidity
DA:63,0
DA:64,0
FN:64,MockUniswapV2Router.removeLiquidityETH
FNDA:0,MockUniswapV2Router.removeLiquidityETH
DA:65,0
DA:66,0
FN:66,MockUniswapV2Router.removeLiquidityWithPermit
FNDA:0,MockUniswapV2Router.removeLiquidityWithPermit
DA:67,0
DA:68,0
FN:68,MockUniswapV2Router.removeLiquidityETHWithPermit
FNDA:0,MockUniswapV2Router.removeLiquidityETHWithPermit
DA:69,0
DA:70,1
FN:70,MockUniswapV2Router.swapExactTokensForTokens
FNDA:1,MockUniswapV2Router.swapExactTokensForTokens
DA:72,1
DA:73,1
DA:75,1
BRDA:75,2,0,1
BRDA:75,2,1,-
DA:76,1
DA:77,0
BRDA:77,3,0,-
DA:78,0
DA:79,0
DA:82,0
FN:82,MockUniswapV2Router.swapTokensForExactTokens
FNDA:0,MockUniswapV2Router.swapTokensForExactTokens
DA:83,0
DA:84,0
FN:84,MockUniswapV2Router.swapExactETHForTokens
FNDA:0,MockUniswapV2Router.swapExactETHForTokens
DA:86,0
DA:87,0
DA:89,0
BRDA:89,4,0,-
DA:90,0
DA:93,0
FN:93,MockUniswapV2Router.swapTokensForExactETH
FNDA:0,MockUniswapV2Router.swapTokensForExactETH
DA:94,0
DA:95,0
FN:95,MockUniswapV2Router.swapExactTokensForETH
FNDA:0,MockUniswapV2Router.swapExactTokensForETH
DA:96,0
DA:97,0
FN:97,MockUniswapV2Router.swapETHForExactTokens
FNDA:0,MockUniswapV2Router.swapETHForExactTokens
DA:98,0
DA:99,0
FN:99,MockUniswapV2Router.quote
FNDA:0,MockUniswapV2Router.quote
DA:100,0
FN:100,MockUniswapV2Router.getAmountOut
FNDA:0,MockUniswapV2Router.getAmountOut
DA:101,0
FN:101,MockUniswapV2Router.getAmountIn
FNDA:0,MockUniswapV2Router.getAmountIn
DA:102,0
FN:102,MockUniswapV2Router.getAmountsIn
FNDA:0,MockUniswapV2Router.getAmountsIn
DA:103,0
FN:103,MockUniswapV2Router.removeLiquidityETHSupportingFeeOnTransferTokens
FNDA:0,MockUniswapV2Router.removeLiquidityETHSupportingFeeOnTransferTokens
DA:104,0
FN:104,MockUniswapV2Router.removeLiquidityETHWithPermitSupportingFeeOnTransferTokens
FNDA:0,MockUniswapV2Router.removeLiquidityETHWithPermitSupportingFeeOnTransferTokens
DA:105,0
FN:105,MockUniswapV2Router.swapExactTokensForTokensSupportingFeeOnTransferTokens
FNDA:0,MockUniswapV2Router.swapExactTokensForTokensSupportingFeeOnTransferTokens
DA:106,0
FN:106,MockUniswapV2Router.swapExactETHForTokensSupportingFeeOnTransferTokens
FNDA:0,MockUniswapV2Router.swapExactETHForTokensSupportingFeeOnTransferTokens
DA:107,0
FN:107,MockUniswapV2Router.swapExactTokensForETHSupportingFeeOnTransferTokens
FNDA:0,MockUniswapV2Router.swapExactTokensForETHSupportingFeeOnTransferTokens
DA:121,0
FN:121,USDC6.decimals.0
FNDA:0,USDC6.decimals.0
DA:122,3
FN:122,USDC6.mint.0
FNDA:3,USDC6.mint.0
DA:127,0
FN:127,KGLD18.mint.1
FNDA:0,KGLD18.mint.1
DA:132,2
FN:132,MOCK18.mint.2
FNDA:2,MOCK18.mint.2
DA:139,2
FN:139,MockV3Aggregator.constructor.1
FNDA:2,MockV3Aggregator.constructor.1
DA:141,0
FN:141,MockV3Aggregator.decimals.1
FNDA:0,MockV3Aggregator.decimals.1
DA:142,0
FN:142,MockV3Aggregator.description
FNDA:0,MockV3Aggregator.description
DA:143,0
FN:143,MockV3Aggregator.version
FNDA:0,MockV3Aggregator.version
DA:145,0
FN:145,MockV3Aggregator.getRoundData
FNDA:0,MockV3Aggregator.getRoundData
DA:148,0
DA:150,0
FN:150,MockV3Aggregator.latestRoundData
FNDA:0,MockV3Aggregator.latestRoundData
DA:153,0
DA:155,0
FN:155,MockV3Aggregator.setAnswer
FNDA:0,MockV3Aggregator.setAnswer
FNF:36
FNH:8
LF:69
LH:21
BRF:7
BRH:3
end_of_record
TN:
SF:test/KipuBank.Native.t.sol
DA:24,75
FN:24,MockUniswapV2Router.constructor.0
FNDA:75,MockUniswapV2Router.constructor.0
DA:25,75
DA:28,349
FN:28,MockUniswapV2Router.WETH
FNDA:349,MockUniswapV2Router.WETH
DA:29,349
DA:32,0
FN:32,MockUniswapV2Router.factory
FNDA:0,MockUniswapV2Router.factory
DA:33,0
DA:36,2
FN:36,MockUniswapV2Router.addLiquidityETH
FNDA:2,MockUniswapV2Router.addLiquidityETH
DA:45,2
DA:48,272
FN:48,MockUniswapV2Router.getAmountsOut
FNDA:272,MockUniswapV2Router.getAmountsOut
DA:50,272
DA:51,272
DA:53,272
BRDA:53,0,0,272
BRDA:53,0,1,-
DA:54,272
DA:55,0
BRDA:55,1,0,-
DA:56,0
DA:57,0
DA:62,0
FN:62,MockUniswapV2Router.addLiquidity
FNDA:0,MockUniswapV2Router.addLiquidity
DA:63,0
DA:64,0
FN:64,MockUniswapV2Router.removeLiquidity
FNDA:0,MockUniswapV2Router.removeLiquidity
DA:65,0
DA:66,0
FN:66,MockUniswapV2Router.removeLiquidityETH
FNDA:0,MockUniswapV2Router.removeLiquidityETH
DA:67,0
DA:68,0
FN:68,MockUniswapV2Router.removeLiquidityWithPermit
FNDA:0,MockUniswapV2Router.removeLiquidityWithPermit
DA:69,0
DA:70,0
FN:70,MockUniswapV2Router.removeLiquidityETHWithPermit
FNDA:0,MockUniswapV2Router.removeLiquidityETHWithPermit
DA:71,0
DA:72,271
FN:72,MockUniswapV2Router.swapExactTokensForTokens
FNDA:271,MockUniswapV2Router.swapExactTokensForTokens
DA:74,271
DA:75,271
DA:77,271
BRDA:77,2,0,271
BRDA:77,2,1,-
DA:78,271
DA:80,271
BRDA:80,3,0,271
DA:81,271
DA:83,0
BRDA:83,4,0,-
DA:84,0
DA:85,0
DA:87,0
BRDA:87,5,0,-
DA:88,0
DA:92,0
FN:92,MockUniswapV2Router.swapTokensForExactTokens
FNDA:0,MockUniswapV2Router.swapTokensForExactTokens
DA:93,0
DA:94,2
FN:94,MockUniswapV2Router.swapExactETHForTokens
FNDA:2,MockUniswapV2Router.swapExactETHForTokens
DA:98,2
BRDA:98,6,0,1
DA:99,1
DA:102,1
DA:103,1
DA:105,1
BRDA:105,7,0,1
DA:106,1
DA:109,0
FN:109,MockUniswapV2Router.swapTokensForExactETH
FNDA:0,MockUniswapV2Router.swapTokensForExactETH
DA:110,0
DA:111,0
FN:111,MockUniswapV2Router.swapExactTokensForETH
FNDA:0,MockUniswapV2Router.swapExactTokensForETH
DA:112,0
DA:113,0
FN:113,MockUniswapV2Router.swapETHForExactTokens
FNDA:0,MockUniswapV2Router.swapETHForExactTokens
DA:114,0
DA:115,0
FN:115,MockUniswapV2Router.quote
FNDA:0,MockUniswapV2Router.quote
DA:116,0
FN:116,MockUniswapV2Router.getAmountOut
FNDA:0,MockUniswapV2Router.getAmountOut
DA:117,0
FN:117,MockUniswapV2Router.getAmountIn
FNDA:0,MockUniswapV2Router.getAmountIn
DA:118,0
FN:118,MockUniswapV2Router.getAmountsIn
FNDA:0,MockUniswapV2Router.getAmountsIn
DA:119,0
FN:119,MockUniswapV2Router.removeLiquidityETHSupportingFeeOnTransferTokens
FNDA:0,MockUniswapV2Router.removeLiquidityETHSupportingFeeOnTransferTokens
DA:120,0
FN:120,MockUniswapV2Router.removeLiquidityETHWithPermitSupportingFeeOnTransferTokens
FNDA:0,MockUniswapV2Router.removeLiquidityETHWithPermitSupportingFeeOnTransferTokens
DA:121,0
FN:121,MockUniswapV2Router.swapExactTokensForTokensSupportingFeeOnTransferTokens
FNDA:0,MockUniswapV2Router.swapExactTokensForTokensSupportingFeeOnTransferTokens
DA:122,0
FN:122,MockUniswapV2Router.swapExactETHForTokensSupportingFeeOnTransferTokens
FNDA:0,MockUniswapV2Router.swapExactETHForTokensSupportingFeeOnTransferTokens
DA:123,0
FN:123,MockUniswapV2Router.swapExactTokensForETHSupportingFeeOnTransferTokens
FNDA:0,MockUniswapV2Router.swapExactTokensForETHSupportingFeeOnTransferTokens
DA:137,0
FN:137,USDC6.decimals.0
FNDA:0,USDC6.decimals.0
DA:138,2
FN:138,USDC6.mint.0
FNDA:2,USDC6.mint.0
DA:143,0
FN:143,KGLD18.mint.1
FNDA:0,KGLD18.mint.1
DA:151,2
FN:151,MockV3Aggregator.constructor.1
FNDA:2,MockV3Aggregator.constructor.1
DA:153,0
FN:153,MockV3Aggregator.decimals.1
FNDA:0,MockV3Aggregator.decimals.1
DA:154,0
FN:154,MockV3Aggregator.description
FNDA:0,MockV3Aggregator.description
DA:155,0
FN:155,MockV3Aggregator.version
FNDA:0,MockV3Aggregator.version
DA:157,0
FN:157,MockV3Aggregator.getRoundData
FNDA:0,MockV3Aggregator.getRoundData
DA:160,0
DA:162,0
FN:162,MockV3Aggregator.latestRoundData
FNDA:0,MockV3Aggregator.latestRoundData
DA:165,0
DA:167,0
FN:167,MockV3Aggregator.setAnswer
FNDA:0,MockV3Aggregator.setAnswer
FNF:35
FNH:8
LF:74
LH:27
BRF:10
BRH:5
end_of_record
